<?xml version="1.0" encoding="UTF-8"?>
<testng-results ignored="0" total="1" passed="1" failed="0" skipped="0">
  <reporter-output>
  </reporter-output>
  <suite started-at="2026-05-05T16:41:54 BST" name="AutomationExercise" finished-at="2026-05-05T16:41:58 BST" duration-ms="3945">
    <groups>
    </groups>
    <test started-at="2026-05-05T16:41:54 BST" name="Login Test" finished-at="2026-05-05T16:41:58 BST" duration-ms="3945">
      <class name="newPackage.Login_Page">
        <test-method signature="logintest()[pri:0, instance:newPackage.Login_Page@6f1de4c7]" started-at="2026-05-05T16:41:54 BST" name="logintest" finished-at="2026-05-05T16:41:58 BST" duration-ms="3900" status="PASS">
          <reporter-output>
          </reporter-output>
        </test-method> <!-- logintest -->
      </class> <!-- newPackage.Login_Page -->
    </test> <!-- Login Test -->
  </suite> <!-- AutomationExercise -->
</testng-results>
